<?xml version="1.0" encoding="UTF-8"?>
<!-- Generated by org.testng.reporters.JUnitXMLReporter -->
<testsuite ignored="0" hostname="Shreeya-PC" failures="0" tests="2" name="Default test" time="0.246" errors="0" timestamp="2022-09-20T13:55:18 IST">
  <testcase classname="Tempack1.TestNG2Cricc" name="@BeforeTest launchbrowser" time="-1.663662317873E9">
    <failure type="org.testng.TestNGException" message="
Parameter &amp;apos;browser&amp;apos; is required by BeforeTest on method launchbrowser but has not been marked @Optional or defined
in C:\Users\Shreeya\AppData\Local\Temp\testng-eclipse--893942344\testng-customsuite.xml">
      <![CDATA[org.testng.TestNGException: 
Parameter 'browser' is required by BeforeTest on method launchbrowser but has not been marked @Optional or defined
in C:\Users\Shreeya\AppData\Local\Temp\testng-eclipse--893942344\testng-customsuite.xml
at org.testng.internal.Parameters.createParams(Parameters.java:270)
at org.testng.internal.Parameters.createParametersForMethod(Parameters.java:358)
at org.testng.internal.Parameters.createParameters(Parameters.java:700)
at org.testng.internal.Parameters.createConfigurationParameters(Parameters.java:168)
at org.testng.internal.ConfigInvoker.invokeConfigurations(ConfigInvoker.java:302)
at org.testng.TestRunner.invokeTestConfigurations(TestRunner.java:637)
at org.testng.TestRunner.beforeRun(TestRunner.java:627)
at org.testng.TestRunner.run(TestRunner.java:589)
at org.testng.SuiteRunner.runTest(SuiteRunner.java:377)
at org.testng.SuiteRunner.runSequentially(SuiteRunner.java:371)
at org.testng.SuiteRunner.privateRun(SuiteRunner.java:332)
at org.testng.SuiteRunner.run(SuiteRunner.java:276)
at org.testng.SuiteRunnerWorker.runSuite(SuiteRunnerWorker.java:53)
at org.testng.SuiteRunnerWorker.run(SuiteRunnerWorker.java:96)
at org.testng.TestNG.runSuitesSequentially(TestNG.java:1212)
at org.testng.TestNG.runSuitesLocally(TestNG.java:1134)
at org.testng.TestNG.runSuites(TestNG.java:1063)
at org.testng.TestNG.run(TestNG.java:1031)
at org.testng.remote.AbstractRemoteTestNG.run(AbstractRemoteTestNG.java:115)
at org.testng.remote.RemoteTestNG.initAndRun(RemoteTestNG.java:251)
at org.testng.remote.RemoteTestNG.main(RemoteTestNG.java:77)
]]>
    </failure>
  </testcase> <!-- @BeforeTest launchbrowser -->
  <testcase classname="Tempack1.TestNG2Cricc" name="@BeforeClass criccbuzzUrlLaunch" time="-1.663662318018E9">
    <skipped/>
  </testcase> <!-- @BeforeClass criccbuzzUrlLaunch -->
  <testcase classname="Tempack1.TestNG2Cricc" name="@AfterMethod aftermethod" time="-1.663662318075E9">
    <skipped/>
  </testcase> <!-- @AfterMethod aftermethod -->
  <testcase classname="Tempack1.TestNG2Cricc" name="@AfterMethod aftermethod" time="-1.663662318089E9">
    <skipped/>
  </testcase> <!-- @AfterMethod aftermethod -->
  <testcase classname="Tempack1.TestNG2Cricc" name="@AfterClass clenPOMObject" time="-1.663662318093E9">
    <skipped/>
  </testcase> <!-- @AfterClass clenPOMObject -->
  <testcase classname="Tempack1.TestNG2Cricc" name="@AfterTest afterClass" time="-1.663662318101E9">
    <skipped/>
  </testcase> <!-- @AfterTest afterClass -->
  <testcase classname="Tempack1.TestNG2Cricc" name="teamsArchives" time="0.0">
    <skipped/>
  </testcase> <!-- teamsArchives -->
  <testcase classname="Tempack1.TestNG2Cricc" name="test1" time="0.0">
    <skipped/>
  </testcase> <!-- test1 -->
</testsuite> <!-- Default test -->
