<?xml version="1.0" encoding="UTF-8"?>
<testng-results ignored="0" total="2" passed="0" failed="2" skipped="0">
  <reporter-output>
  </reporter-output>
  <suite started-at="2022-09-20T14:15:37 IST" name="Suite" finished-at="2022-09-20T14:16:03 IST" duration-ms="25668">
    <groups>
    </groups>
    <test started-at="2022-09-20T14:15:37 IST" name="Test" finished-at="2022-09-20T14:16:03 IST" duration-ms="25668">
      <class name="Tempack1.TestNG2Cricc">
        <test-method is-config="true" signature="launchbrowser(java.lang.String)[pri:0, instance:Tempack1.TestNG2Cricc@9353778]" started-at="2022-09-20T14:15:37 IST" name="launchbrowser" finished-at="2022-09-20T14:15:48 IST" duration-ms="10599" status="PASS">
          <params>
            <param index="0">
              <value>
                <![CDATA[Chrome]]>
              </value>
            </param>
          </params>
          <reporter-output>
          </reporter-output>
        </test-method> <!-- launchbrowser -->
        <test-method is-config="true" signature="criccbuzzUrlLaunch()[pri:0, instance:Tempack1.TestNG2Cricc@9353778]" started-at="2022-09-20T14:15:48 IST" name="criccbuzzUrlLaunch" finished-at="2022-09-20T14:15:48 IST" duration-ms="67" status="PASS">
          <reporter-output>
          </reporter-output>
        </test-method> <!-- criccbuzzUrlLaunch -->
        <test-method signature="teamsArchives()[pri:0, instance:Tempack1.TestNG2Cricc@9353778]" started-at="2022-09-20T14:15:48 IST" name="teamsArchives" finished-at="2022-09-20T14:15:57 IST" duration-ms="9125" status="FAIL">
          <exception class="java.lang.AssertionError">
            <message>
              <![CDATA[expected [https://www.cricbuzz.com/crcket-team] but found [https://www.cricbuzz.com/cricket-team]]]>
            </message>
            <full-stacktrace>
              <![CDATA[java.lang.AssertionError: expected [https://www.cricbuzz.com/crcket-team] but found [https://www.cricbuzz.com/cricket-team]
at org.testng.Assert.fail(Assert.java:99)
at org.testng.Assert.failNotEquals(Assert.java:1037)
at org.testng.Assert.assertEqualsImpl(Assert.java:140)
at org.testng.Assert.assertEquals(Assert.java:122)
at org.testng.Assert.assertEquals(Assert.java:629)
at org.testng.Assert.assertEquals(Assert.java:639)
at Tempack1.TestNG2Cricc.teamsArchives(TestNG2Cricc.java:82)
at java.base/jdk.internal.reflect.DirectMethodHandleAccessor.invoke(DirectMethodHandleAccessor.java:104)
at java.base/java.lang.reflect.Method.invoke(Method.java:577)
at org.testng.internal.MethodInvocationHelper.invokeMethod(MethodInvocationHelper.java:133)
at org.testng.internal.TestInvoker.invokeMethod(TestInvoker.java:598)
at org.testng.internal.TestInvoker.invokeTestMethod(TestInvoker.java:173)
at org.testng.internal.MethodRunner.runInSequence(MethodRunner.java:46)
at org.testng.internal.TestInvoker$MethodInvocationAgent.invoke(TestInvoker.java:824)
at org.testng.internal.TestInvoker.invokeTestMethods(TestInvoker.java:146)
at org.testng.internal.TestMethodWorker.invokeTestMethods(TestMethodWorker.java:146)
at org.testng.internal.TestMethodWorker.run(TestMethodWorker.java:128)
at java.base/java.util.ArrayList.forEach(ArrayList.java:1511)
at org.testng.TestRunner.privateRun(TestRunner.java:794)
at org.testng.TestRunner.run(TestRunner.java:596)
at org.testng.SuiteRunner.runTest(SuiteRunner.java:377)
at org.testng.SuiteRunner.access$000(SuiteRunner.java:28)
at org.testng.SuiteRunner$SuiteWorker.run(SuiteRunner.java:418)
at org.testng.internal.thread.ThreadUtil.lambda$execute$0(ThreadUtil.java:64)
at java.base/java.util.concurrent.FutureTask.run(FutureTask.java:264)
at java.base/java.util.concurrent.ThreadPoolExecutor.runWorker(ThreadPoolExecutor.java:1136)
at java.base/java.util.concurrent.ThreadPoolExecutor$Worker.run(ThreadPoolExecutor.java:635)
at java.base/java.lang.Thread.run(Thread.java:833)
]]>
            </full-stacktrace>
          </exception> <!-- java.lang.AssertionError -->
          <reporter-output>
          </reporter-output>
        </test-method> <!-- teamsArchives -->
        <test-method is-config="true" signature="aftermethod(org.testng.ITestResult)[pri:0, instance:Tempack1.TestNG2Cricc@9353778]" started-at="2022-09-20T14:15:57 IST" name="aftermethod" finished-at="2022-09-20T14:15:58 IST" duration-ms="799" status="PASS">
          <params>
            <param index="0">
              <value>
                <![CDATA[[TestResult name=teamsArchives status=FAILURE method=TestNG2Cricc.teamsArchives()[pri:0, instance:Tempack1.TestNG2Cricc@9353778] output={null}]]]>
              </value>
            </param>
          </params>
          <reporter-output>
          </reporter-output>
        </test-method> <!-- aftermethod -->
        <test-method signature="test1()[pri:0, instance:Tempack1.TestNG2Cricc@9353778]" started-at="2022-09-20T14:15:58 IST" name="test1" finished-at="2022-09-20T14:16:01 IST" duration-ms="3409" status="FAIL">
          <exception class="java.lang.AssertionError">
            <message>
              <![CDATA[expected [https://www.crcbuzz.com/cricket-match/live-scores] but found [https://www.cricbuzz.com/cricket-match/live-scores]]]>
            </message>
            <full-stacktrace>
              <![CDATA[java.lang.AssertionError: expected [https://www.crcbuzz.com/cricket-match/live-scores] but found [https://www.cricbuzz.com/cricket-match/live-scores]
at org.testng.Assert.fail(Assert.java:99)
at org.testng.Assert.failNotEquals(Assert.java:1037)
at org.testng.Assert.assertEqualsImpl(Assert.java:140)
at org.testng.Assert.assertEquals(Assert.java:122)
at org.testng.Assert.assertEquals(Assert.java:629)
at org.testng.Assert.assertEquals(Assert.java:639)
at Tempack1.TestNG2Cricc.test1(TestNG2Cricc.java:91)
at java.base/jdk.internal.reflect.DirectMethodHandleAccessor.invoke(DirectMethodHandleAccessor.java:104)
at java.base/java.lang.reflect.Method.invoke(Method.java:577)
at org.testng.internal.MethodInvocationHelper.invokeMethod(MethodInvocationHelper.java:133)
at org.testng.internal.TestInvoker.invokeMethod(TestInvoker.java:598)
at org.testng.internal.TestInvoker.invokeTestMethod(TestInvoker.java:173)
at org.testng.internal.MethodRunner.runInSequence(MethodRunner.java:46)
at org.testng.internal.TestInvoker$MethodInvocationAgent.invoke(TestInvoker.java:824)
at org.testng.internal.TestInvoker.invokeTestMethods(TestInvoker.java:146)
at org.testng.internal.TestMethodWorker.invokeTestMethods(TestMethodWorker.java:146)
at org.testng.internal.TestMethodWorker.run(TestMethodWorker.java:128)
at java.base/java.util.ArrayList.forEach(ArrayList.java:1511)
at org.testng.TestRunner.privateRun(TestRunner.java:794)
at org.testng.TestRunner.run(TestRunner.java:596)
at org.testng.SuiteRunner.runTest(SuiteRunner.java:377)
at org.testng.SuiteRunner.access$000(SuiteRunner.java:28)
at org.testng.SuiteRunner$SuiteWorker.run(SuiteRunner.java:418)
at org.testng.internal.thread.ThreadUtil.lambda$execute$0(ThreadUtil.java:64)
at java.base/java.util.concurrent.FutureTask.run(FutureTask.java:264)
at java.base/java.util.concurrent.ThreadPoolExecutor.runWorker(ThreadPoolExecutor.java:1136)
at java.base/java.util.concurrent.ThreadPoolExecutor$Worker.run(ThreadPoolExecutor.java:635)
at java.base/java.lang.Thread.run(Thread.java:833)
]]>
            </full-stacktrace>
          </exception> <!-- java.lang.AssertionError -->
          <reporter-output>
          </reporter-output>
        </test-method> <!-- test1 -->
        <test-method is-config="true" signature="aftermethod(org.testng.ITestResult)[pri:0, instance:Tempack1.TestNG2Cricc@9353778]" started-at="2022-09-20T14:16:01 IST" name="aftermethod" finished-at="2022-09-20T14:16:02 IST" duration-ms="1012" status="PASS">
          <params>
            <param index="0">
              <value>
                <![CDATA[[TestResult name=test1 status=FAILURE method=TestNG2Cricc.test1()[pri:0, instance:Tempack1.TestNG2Cricc@9353778] output={null}]]]>
              </value>
            </param>
          </params>
          <reporter-output>
          </reporter-output>
        </test-method> <!-- aftermethod -->
        <test-method is-config="true" signature="clenPOMObject()[pri:0, instance:Tempack1.TestNG2Cricc@9353778]" started-at="2022-09-20T14:16:02 IST" name="clenPOMObject" finished-at="2022-09-20T14:16:02 IST" duration-ms="1" status="PASS">
          <reporter-output>
          </reporter-output>
        </test-method> <!-- clenPOMObject -->
        <test-method is-config="true" signature="afterClass()[pri:0, instance:Tempack1.TestNG2Cricc@9353778]" started-at="2022-09-20T14:16:02 IST" name="afterClass" finished-at="2022-09-20T14:16:03 IST" duration-ms="553" status="PASS">
          <reporter-output>
          </reporter-output>
        </test-method> <!-- afterClass -->
      </class> <!-- Tempack1.TestNG2Cricc -->
    </test> <!-- Test -->
  </suite> <!-- Suite -->
</testng-results>
